#
# There is insufficient memory for the Java Runtime Environment to continue.
# Native memory allocation (malloc) failed to allocate 1048576 bytes for AllocateHeap
# Possible reasons:
#   The system is out of physical RAM or swap space
#   The process is running with CompressedOops enabled, and the Java Heap may be blocking the growth of the native heap
# Possible solutions:
#   Reduce memory load on the system
#   Increase physical memory or swap space
#   Check if swap backing store is full
#   Decrease Java heap size (-Xmx/-Xms)
#   Decrease number of Java threads
#   Decrease Java thread stack sizes (-Xss)
#   Set larger code cache with -XX:ReservedCodeCacheSize=
#   JVM is running with Unscaled Compressed Oops mode in which the Java heap is
#     placed in the first 4GB address space. The Java Heap base address is the
#     maximum limit for the native heap growth. Please use -XX:HeapBaseMinAddress
#     to set the Java Heap base and to place the Java Heap above 4GB virtual address.
# This output file may be truncated or incomplete.
#
#  Out of Memory Error (./src/hotspot/share/memory/allocation.cpp:46), pid=6704, tid=1388
#
# JRE version:  (11.0.11+9) (build )
# Java VM: OpenJDK 64-Bit Server VM (11.0.11+9-b60-7590822, mixed mode, sharing, tiered, compressed oops, g1 gc, windows-amd64)
# No core dump will be written. Minidumps are not enabled by default on client versions of Windows
#

---------------  S U M M A R Y ------------

Command Line: org.jetbrains.git4idea.http.GitAskPassApp Username for 'https://github.com': 

Host: AMD A6-9225 RADEON R4, 5 COMPUTE CORES 2C+3G   , 2 cores, 6G,  Windows 10 , 64 bit Build 18362 (10.0.18362.329)
Time: Thu Mar 31 14:15:37 2022 Oeieyiaey (eaoi) elapsed time: 0.015474 seconds (0d 0h 0m 0s)

---------------  T H R E A D  ---------------

Current thread (0x000001cb7123b000):  JavaThread "Unknown thread" [_thread_in_vm, id=1388, stack(0x00000044ae200000,0x00000044ae300000)]

Stack: [0x00000044ae200000,0x00000044ae300000]
Native frames: (J=compiled Java code, j=interpreted, Vv=VM code, C=native code)
V  [jvm.dll+0x5f214a]
V  [jvm.dll+0x726fb5]
V  [jvm.dll+0x7285cd]
V  [jvm.dll+0x728c83]
V  [jvm.dll+0x243278]
V  [jvm.dll+0xb3a34]
V  [jvm.dll+0x2d5848]
V  [jvm.dll+0x705b97]
V  [jvm.dll+0x70739c]
V  [jvm.dll+0x3598f9]
V  [jvm.dll+0x6e931e]
V  [jvm.dll+0x3c1c43]
V  [jvm.dll+0x3c3e81]
C  [jli.dll+0x5373]
C  [ucrtbase.dll+0x1d9f2]
C  [KERNEL32.DLL+0x17bd4]
C  [ntdll.dll+0x6cee1]


---------------  P R O C E S S  ---------------

Threads class SMR info:
_java_thread_list=0x000001cb71136280, length=0, elements={
}

Java Threads: ( => current thread )

Other Threads:

=>0x000001cb7123b000 (exited) JavaThread "Unknown thread" [_thread_in_vm, id=1388, stack(0x00000044ae200000,0x00000044ae300000)]

Threads with active compile tasks:

VM state:not at safepoint (not fully initialized)

VM Mutex/Monitor currently owned by a thread: None


[error occurred during error reporting (printing compressed oops mode), id 0xc0000005, EXCEPTION_ACCESS_VIOLATION (0xc0000005) at pc=0x00007fff705869e7]

GC Heap History (0 events):
No events

Deoptimization events (0 events):
No events

Classes redefined (0 events):
No events

Internal exceptions (0 events):
No events

Events (1 events):
Event: 0.009 Loaded shared library E:\AndroidStudio\jre\bin\zip.dll


Dynamic libraries:
0x00007ff695f30000 - 0x00007ff695f3a000 	E:\AndroidStudio\jre\bin\java.exe
0x00007fffb5e00000 - 0x00007fffb5ff0000 	C:\Windows\SYSTEM32\ntdll.dll
0x00007fffb5aa0000 - 0x00007fffb5b52000 	C:\Windows\System32\KERNEL32.DLL
0x00007fffb2f60000 - 0x00007fffb3203000 	C:\Windows\System32\KERNELBASE.dll
0x00007fffb3b70000 - 0x00007fffb3c6a000 	C:\Windows\System32\ucrtbase.dll
0x00007fffa4970000 - 0x00007fffa4987000 	E:\AndroidStudio\jre\bin\VCRUNTIME140.dll
0x00007fffa9570000 - 0x00007fffa9589000 	E:\AndroidStudio\jre\bin\jli.dll
0x00007fffb43e0000 - 0x00007fffb4573000 	C:\Windows\System32\USER32.dll
0x00007fffb3990000 - 0x00007fffb39b1000 	C:\Windows\System32\win32u.dll
0x00007fffa56d0000 - 0x00007fffa5955000 	C:\Windows\WinSxS\amd64_microsoft.windows.common-controls_6595b64144ccf1df_6.0.18362.356_none_e6c4af7d130f27cc\COMCTL32.dll
0x00007fffb5d90000 - 0x00007fffb5db6000 	C:\Windows\System32\GDI32.dll
0x00007fffb4660000 - 0x00007fffb46fe000 	C:\Windows\System32\msvcrt.dll
0x00007fffb3d10000 - 0x00007fffb3ea4000 	C:\Windows\System32\gdi32full.dll
0x00007fffb3eb0000 - 0x00007fffb41e6000 	C:\Windows\System32\combase.dll
0x00007fffb3c70000 - 0x00007fffb3d0e000 	C:\Windows\System32\msvcp_win.dll
0x00007fffb4a00000 - 0x00007fffb4b20000 	C:\Windows\System32\RPCRT4.dll
0x00007fffb2ee0000 - 0x00007fffb2f60000 	C:\Windows\System32\bcryptPrimitives.dll
0x00007fffb5b60000 - 0x00007fffb5b8e000 	C:\Windows\System32\IMM32.DLL
0x00007fff878e0000 - 0x00007fff8797d000 	E:\AndroidStudio\jre\bin\msvcp140.dll
0x00007fff6fe80000 - 0x00007fff70955000 	E:\AndroidStudio\jre\bin\server\jvm.dll
0x00007fffb4310000 - 0x00007fffb43b3000 	C:\Windows\System32\ADVAPI32.dll
0x00007fffb57e0000 - 0x00007fffb5877000 	C:\Windows\System32\sechost.dll
0x00007fffb5b90000 - 0x00007fffb5b98000 	C:\Windows\System32\PSAPI.DLL
0x00007fffad600000 - 0x00007fffad609000 	C:\Windows\SYSTEM32\WSOCK32.dll
0x00007fffb07b0000 - 0x00007fffb07d4000 	C:\Windows\SYSTEM32\WINMM.dll
0x00007fffb5a30000 - 0x00007fffb5a9f000 	C:\Windows\System32\WS2_32.dll
0x00007fffb0780000 - 0x00007fffb07ad000 	C:\Windows\SYSTEM32\WINMMBASE.dll
0x00007fffb2e70000 - 0x00007fffb2eba000 	C:\Windows\System32\cfgmgr32.dll
0x00007fffacff0000 - 0x00007fffacffa000 	C:\Windows\SYSTEM32\VERSION.dll
0x00007fffb2ce0000 - 0x00007fffb2cf1000 	C:\Windows\System32\kernel.appcore.dll
0x00007fffa2c50000 - 0x00007fffa2c61000 	E:\AndroidStudio\jre\bin\verify.dll
0x00007fff9c830000 - 0x00007fff9ca24000 	C:\Windows\SYSTEM32\DBGHELP.DLL
0x00007fff9c800000 - 0x00007fff9c82a000 	C:\Windows\SYSTEM32\dbgcore.DLL
0x00007fffa2c20000 - 0x00007fffa2c49000 	E:\AndroidStudio\jre\bin\java.dll
0x00007fffad5c0000 - 0x00007fffad5cb000 	E:\AndroidStudio\jre\bin\jimage.dll
0x00007fffa2c00000 - 0x00007fffa2c18000 	E:\AndroidStudio\jre\bin\zip.dll

dbghelp: loaded successfully - version: 4.0.5 - missing functions: none
symbol engine: initialized successfully - sym options: 0x614 - pdb path: .;E:\AndroidStudio\jre\bin;C:\Windows\SYSTEM32;C:\Windows\WinSxS\amd64_microsoft.windows.common-controls_6595b64144ccf1df_6.0.18362.356_none_e6c4af7d130f27cc;E:\AndroidStudio\jre\bin\server

VM Arguments:
java_command: org.jetbrains.git4idea.http.GitAskPassApp Username for 'https://github.com': 
java_class_path (initial): E:/AndroidStudio/plugins/git4idea/lib/git4idea-rt.jar;E:/AndroidStudio/lib/xmlrpc-2.0.1.jar;E:/AndroidStudio/lib/commons-codec-1.15.jar
Launcher Type: SUN_STANDARD

[Global flags]
     intx CICompilerCount                          = 2                                         {product} {ergonomic}
     uint G1ConcRefinementThreads                  = 2                                         {product} {ergonomic}
   size_t G1HeapRegionSize                         = 1048576                                   {product} {ergonomic}
    uintx GCDrainStackTargetSize                   = 64                                        {product} {ergonomic}
   size_t InitialHeapSize                          = 117440512                                 {product} {ergonomic}
   size_t MaxHeapSize                              = 1868562432                                {product} {ergonomic}
   size_t MinHeapDeltaBytes                        = 1048576                                   {product} {ergonomic}
    uintx NonNMethodCodeHeapSize                   = 5825164                                {pd product} {ergonomic}
    uintx NonProfiledCodeHeapSize                  = 122916538                              {pd product} {ergonomic}
    uintx ProfiledCodeHeapSize                     = 122916538                              {pd product} {ergonomic}
    uintx ReservedCodeCacheSize                    = 251658240                              {pd product} {ergonomic}
     bool SegmentedCodeCache                       = true                                      {product} {ergonomic}
     bool UseCompressedClassPointers               = true                                 {lp64_product} {ergonomic}
     bool UseCompressedOops                        = true                                 {lp64_product} {ergonomic}
     bool UseG1GC                                  = true                                      {product} {ergonomic}
     bool UseLargePagesIndividualAllocation        = false                                  {pd product} {ergonomic}

Logging:
Log output configuration:
 #0: stdout all=warning uptime,level,tags
 #1: stderr all=off uptime,level,tags

Environment Variables:
JAVA_HOME=C:\Program Files\Java\jdk-13.0.1
PATH=E:/Git/mingw64/libexec/git-core;E:/Git/mingw64/libexec/git-core;E:\Git\mingw64\bin;E:\Git\usr\bin;C:\Users\Shtuka\bin;C:\Windows\system32;C:\Windows;C:\Windows\System32\Wbem;C:\Windows\System32\WindowsPowerShell\v1.0\;C:\Windows\System32\OpenSSH\;E:\Git\cmd;C:\Users\Shtuka\AppData\Local\Microsoft\WindowsApps;E:\IntelliJ IDEA Community Edition 2019.2.3\bin;C:\Program Files\Java\jdk-13.0.1\bin;C:\Users\Shtuka\AppData\Local\GitHubDesktop\bin
USERNAME=Shtuka
DISPLAY=:0.0
LC_ALL=en_US.UTF-8
OS=Windows_NT
PROCESSOR_IDENTIFIER=AMD64 Family 21 Model 112 Stepping 0, AuthenticAMD



---------------  S Y S T E M  ---------------

OS: Windows 10 , 64 bit Build 18362 (10.0.18362.329)
OS uptime: 0 days 5:14 hours
Hyper-V role detected

CPU:total 2 (initial active 2) (2 cores per cpu, 1 threads per core) family 21 model 112 stepping 0 microcode 0x0, cmov, cx8, fxsr, mmx, sse, sse2, sse3, ssse3, sse4.1, sse4.2, popcnt, avx, avx2, aes, clmul, mmxext, 3dnowpref, lzcnt, sse4a, tsc, tscinvbit, tscinv, bmi1, bmi2, fma

Memory: 4k page, system-wide physical 7126M (756M free)
TotalPageFile size 9174M (AvailPageFile size 4M)
current process WorkingSet (physical memory assigned to process): 9M, peak: 9M
current process commit charge ("private bytes"): 11M, peak: 12M

vm_info: OpenJDK 64-Bit Server VM (11.0.11+9-b60-7590822) for windows-amd64 JRE (11.0.11+9-b60-7590822), built on Jul 29 2021 21:43:44 by "builder" with MS VC++ 14.0 (VS2015)

END.
