#
# There is insufficient memory for the Java Runtime Environment to continue.
# Native memory allocation (malloc) failed to allocate 1048576 bytes for AllocateHeap
# Possible reasons:
#   The system is out of physical RAM or swap space
#   The process is running with CompressedOops enabled, and the Java Heap may be blocking the growth of the native heap
# Possible solutions:
#   Reduce memory load on the system
#   Increase physical memory or swap space
#   Check if swap backing store is full
#   Decrease Java heap size (-Xmx/-Xms)
#   Decrease number of Java threads
#   Decrease Java thread stack sizes (-Xss)
#   Set larger code cache with -XX:ReservedCodeCacheSize=
#   JVM is running with Unscaled Compressed Oops mode in which the Java heap is
#     placed in the first 4GB address space. The Java Heap base address is the
#     maximum limit for the native heap growth. Please use -XX:HeapBaseMinAddress
#     to set the Java Heap base and to place the Java Heap above 4GB virtual address.
# This output file may be truncated or incomplete.
#
#  Out of Memory Error (./src/hotspot/share/memory/allocation.cpp:46), pid=3376, tid=7264
#
# JRE version: OpenJDK Runtime Environment (11.0.11+9) (build 11.0.11+9-b60-7590822)
# Java VM: OpenJDK 64-Bit Server VM (11.0.11+9-b60-7590822, mixed mode, tiered, compressed oops, g1 gc, windows-amd64)
# No core dump will be written. Minidumps are not enabled by default on client versions of Windows
#

---------------  S U M M A R Y ------------

Command Line: org.jetbrains.git4idea.http.GitAskPassApp Username for 'https://github.com': 

Host: AMD A6-9225 RADEON R4, 5 COMPUTE CORES 2C+3G   , 2 cores, 6G,  Windows 10 , 64 bit Build 18362 (10.0.18362.329)
Time: Mon Apr  4 15:53:28 2022 Oeieyiaey (eaoi) elapsed time: 1.624435 seconds (0d 0h 0m 1s)

---------------  T H R E A D  ---------------

Current thread (0x0000022bd3dad000):  VMThread "VM Thread" [stack: 0x0000005be9600000,0x0000005be9700000] [id=7264]

Stack: [0x0000005be9600000,0x0000005be9700000]
[error occurred during error reporting (printing stack bounds), id 0xc0000005, EXCEPTION_ACCESS_VIOLATION (0xc0000005) at pc=0x0000022bbeb50f2d]

Native frames: (J=compiled Java code, j=interpreted, Vv=VM code, C=native code)
V  [jvm.dll+0x5f214a]
V  [jvm.dll+0x726fb5]
V  [jvm.dll+0x7285cd]
V  [jvm.dll+0x728be5]
V  [jvm.dll+0x728b9b]
V  [jvm.dll+0x5f14e8]
V  [jvm.dll+0x5f1c78]
C  [ntdll.dll+0xa120f]
C  [ntdll.dll+0x6a299]
C  [ntdll.dll+0x9fe7e]
C  0x0000022bbeb50f2d

VM_Operation (0x0000005be90fc850): CollectForMetadataAllocation, mode: safepoint, requested by thread 0x0000022bbb059800


---------------  P R O C E S S  ---------------

Threads class SMR info:
_java_thread_list=0x0000022bd489ac70, length=10, elements={
0x0000022bbb059800, 0x0000022bd3dd1000, 0x0000022bd3dd2000, 0x0000022bd3ded000,
0x0000022bd3def000, 0x0000022bd3df0000, 0x0000022bd3df6000, 0x0000022bd3e28800,
0x0000022bd3e2d000, 0x0000022bd48a6000
}

Java Threads: ( => current thread )
  0x0000022bbb059800 JavaThread "main" [_thread_blocked, id=7200, stack(0x0000005be9000000,0x0000005be9100000)]
  0x0000022bd3dd1000 JavaThread "Reference Handler" daemon [_thread_blocked, id=7352, stack(0x0000005be9700000,0x0000005be9800000)]
  0x0000022bd3dd2000 JavaThread "Finalizer" daemon [_thread_blocked, id=9068, stack(0x0000005be9800000,0x0000005be9900000)]
  0x0000022bd3ded000 JavaThread "Signal Dispatcher" daemon [_thread_blocked, id=72, stack(0x0000005be9900000,0x0000005be9a00000)]
  0x0000022bd3def000 JavaThread "Attach Listener" daemon [_thread_blocked, id=6064, stack(0x0000005be9a00000,0x0000005be9b00000)]
  0x0000022bd3df0000 JavaThread "Service Thread" daemon [_thread_blocked, id=7340, stack(0x0000005be9b00000,0x0000005be9c00000)]
  0x0000022bd3df6000 JavaThread "C2 CompilerThread0" daemon [_thread_blocked, id=1124, stack(0x0000005be9c00000,0x0000005be9d00000)]
  0x0000022bd3e28800 JavaThread "C1 CompilerThread0" daemon [_thread_blocked, id=8844, stack(0x0000005be9d00000,0x0000005be9e00000)]
  0x0000022bd3e2d000 JavaThread "Sweeper thread" daemon [_thread_blocked, id=4520, stack(0x0000005be9e00000,0x0000005be9f00000)]
  0x0000022bd48a6000 JavaThread "Common-Cleaner" daemon [_thread_blocked, id=6148, stack(0x0000005bea000000,0x0000005bea100000)]

Other Threads:
=>0x0000022bd3dad000 VMThread "VM Thread" [stack: 0x0000005be9600000,0x0000005be9700000] [id=7264]
  0x0000022bd489e000 WatcherThread [stack: 0x0000005be9f00000,0x0000005bea000000] [id=3908]
  0x0000022bbb073800 GCTaskThread "GC Thread#0" [stack: 0x0000005be9100000,0x0000005be9200000] [id=6068]
  0x0000022bd489f800 GCTaskThread "GC Thread#1" [stack: 0x0000005bea100000,0x0000005bea200000] [id=8068]
  0x0000022bbb09e800 ConcurrentGCThread "G1 Main Marker" [stack: 0x0000005be9200000,0x0000005be9300000] [id=7740]
  0x0000022bbb09f800 ConcurrentGCThread "G1 Conc#0" [stack: 0x0000005be9300000,0x0000005be9400000] [id=3280]
  0x0000022bbb111000 ConcurrentGCThread "G1 Refine#0" [stack: 0x0000005be9400000,0x0000005be9500000] [id=3356]
  0x0000022bbb113000 ConcurrentGCThread "G1 Young RemSet Sampling" [stack: 0x0000005be9500000,0x0000005be9600000] [id=6368]

Threads with active compile tasks:

VM state:at safepoint (normal execution)

VM Mutex/Monitor currently owned by a thread:  ([mutex/lock_event])
[0x0000022bbb056bd0] Threads_lock - owner thread: 0x0000022bd3dad000
[0x0000022bbb056ab0] Heap_lock - owner thread: 0x0000022bbb059800

Heap address: 0x0000000090a00000, size: 1782 MB, Compressed Oops mode: 32-bit
Narrow klass base: 0x0000000000000000, Narrow klass shift: 3
Compressed class space size: 1073741824 Address: 0x0000000100000000

Heap:
 garbage-first heap   total 114688K, used 1574K [0x0000000090a00000, 0x0000000100000000)
  region size 1024K, 1 young (1024K), 1 survivors (1024K)
 Metaspace       used 8248K, capacity 8415K, committed 8576K, reserved 1069056K
  class space    used 744K, capacity 779K, committed 896K, reserved 1048576K
Heap Regions: E=young(eden), S=young(survivor), O=old, HS=humongous(starts), HC=humongous(continues), CS=collection set, F=free, A=archive, TAMS=top-at-mark-start (previous, next)
|   0|0x0000000090a00000, 0x0000000090a89a00, 0x0000000090b00000| 53%| O|  |TAMS 0x0000000090a00000, 0x0000000090a89a00| Untracked 
|   1|0x0000000090b00000, 0x0000000090b00000, 0x0000000090c00000|  0%| F|  |TAMS 0x0000000090b00000, 0x0000000090b00000| Untracked 
|   2|0x0000000090c00000, 0x0000000090c00000, 0x0000000090d00000|  0%| F|  |TAMS 0x0000000090c00000, 0x0000000090c00000| Untracked 
|   3|0x0000000090d00000, 0x0000000090d00000, 0x0000000090e00000|  0%| F|  |TAMS 0x0000000090d00000, 0x0000000090d00000| Untracked 
|   4|0x0000000090e00000, 0x0000000090e00000, 0x0000000090f00000|  0%| F|  |TAMS 0x0000000090e00000, 0x0000000090e00000| Untracked 
|   5|0x0000000090f00000, 0x0000000090f00000, 0x0000000091000000|  0%| F|  |TAMS 0x0000000090f00000, 0x0000000090f00000| Untracked 
|   6|0x0000000091000000, 0x0000000091000000, 0x0000000091100000|  0%| F|  |TAMS 0x0000000091000000, 0x0000000091000000| Untracked 
|   7|0x0000000091100000, 0x0000000091100000, 0x0000000091200000|  0%| F|  |TAMS 0x0000000091100000, 0x0000000091100000| Untracked 
|   8|0x0000000091200000, 0x0000000091200000, 0x0000000091300000|  0%| F|  |TAMS 0x0000000091200000, 0x0000000091200000| Untracked 
|   9|0x0000000091300000, 0x0000000091300000, 0x0000000091400000|  0%| F|  |TAMS 0x0000000091300000, 0x0000000091300000| Untracked 
|  10|0x0000000091400000, 0x0000000091400000, 0x0000000091500000|  0%| F|  |TAMS 0x0000000091400000, 0x0000000091400000| Untracked 
|  11|0x0000000091500000, 0x0000000091500000, 0x0000000091600000|  0%| F|  |TAMS 0x0000000091500000, 0x0000000091500000| Untracked 
|  12|0x0000000091600000, 0x0000000091600000, 0x0000000091700000|  0%| F|  |TAMS 0x0000000091600000, 0x0000000091600000| Untracked 
|  13|0x0000000091700000, 0x0000000091700000, 0x0000000091800000|  0%| F|  |TAMS 0x0000000091700000, 0x0000000091700000| Untracked 
|  14|0x0000000091800000, 0x0000000091800000, 0x0000000091900000|  0%| F|  |TAMS 0x0000000091800000, 0x0000000091800000| Untracked 
|  15|0x0000000091900000, 0x0000000091900000, 0x0000000091a00000|  0%| F|  |TAMS 0x0000000091900000, 0x0000000091900000| Untracked 
|  16|0x0000000091a00000, 0x0000000091a00000, 0x0000000091b00000|  0%| F|  |TAMS 0x0000000091a00000, 0x0000000091a00000| Untracked 
|  17|0x0000000091b00000, 0x0000000091b00000, 0x0000000091c00000|  0%| F|  |TAMS 0x0000000091b00000, 0x0000000091b00000| Untracked 
|  18|0x0000000091c00000, 0x0000000091c00000, 0x0000000091d00000|  0%| F|  |TAMS 0x0000000091c00000, 0x0000000091c00000| Untracked 
|  19|0x0000000091d00000, 0x0000000091d00000, 0x0000000091e00000|  0%| F|  |TAMS 0x0000000091d00000, 0x0000000091d00000| Untracked 
|  20|0x0000000091e00000, 0x0000000091e00000, 0x0000000091f00000|  0%| F|  |TAMS 0x0000000091e00000, 0x0000000091e00000| Untracked 
|  21|0x0000000091f00000, 0x0000000091f00000, 0x0000000092000000|  0%| F|  |TAMS 0x0000000091f00000, 0x0000000091f00000| Untracked 
|  22|0x0000000092000000, 0x0000000092000000, 0x0000000092100000|  0%| F|  |TAMS 0x0000000092000000, 0x0000000092000000| Untracked 
|  23|0x0000000092100000, 0x0000000092100000, 0x0000000092200000|  0%| F|  |TAMS 0x0000000092100000, 0x0000000092100000| Untracked 
|  24|0x0000000092200000, 0x0000000092200000, 0x0000000092300000|  0%| F|  |TAMS 0x0000000092200000, 0x0000000092200000| Untracked 
|  25|0x0000000092300000, 0x0000000092300000, 0x0000000092400000|  0%| F|  |TAMS 0x0000000092300000, 0x0000000092300000| Untracked 
|  26|0x0000000092400000, 0x0000000092400000, 0x0000000092500000|  0%| F|  |TAMS 0x0000000092400000, 0x0000000092400000| Untracked 
|  27|0x0000000092500000, 0x0000000092500000, 0x0000000092600000|  0%| F|  |TAMS 0x0000000092500000, 0x0000000092500000| Untracked 
|  28|0x0000000092600000, 0x0000000092600000, 0x0000000092700000|  0%| F|  |TAMS 0x0000000092600000, 0x0000000092600000| Untracked 
|  29|0x0000000092700000, 0x0000000092700000, 0x0000000092800000|  0%| F|  |TAMS 0x0000000092700000, 0x0000000092700000| Untracked 
|  30|0x0000000092800000, 0x0000000092800000, 0x0000000092900000|  0%| F|  |TAMS 0x0000000092800000, 0x0000000092800000| Untracked 
|  31|0x0000000092900000, 0x0000000092900000, 0x0000000092a00000|  0%| F|  |TAMS 0x0000000092900000, 0x0000000092900000| Untracked 
|  32|0x0000000092a00000, 0x0000000092a00000, 0x0000000092b00000|  0%| F|  |TAMS 0x0000000092a00000, 0x0000000092a00000| Untracked 
|  33|0x0000000092b00000, 0x0000000092b00000, 0x0000000092c00000|  0%| F|  |TAMS 0x0000000092b00000, 0x0000000092b00000| Untracked 
|  34|0x0000000092c00000, 0x0000000092c00000, 0x0000000092d00000|  0%| F|  |TAMS 0x0000000092c00000, 0x0000000092c00000| Untracked 
|  35|0x0000000092d00000, 0x0000000092d00000, 0x0000000092e00000|  0%| F|  |TAMS 0x0000000092d00000, 0x0000000092d00000| Untracked 
|  36|0x0000000092e00000, 0x0000000092e00000, 0x0000000092f00000|  0%| F|  |TAMS 0x0000000092e00000, 0x0000000092e00000| Untracked 
|  37|0x0000000092f00000, 0x0000000092f00000, 0x0000000093000000|  0%| F|  |TAMS 0x0000000092f00000, 0x0000000092f00000| Untracked 
|  38|0x0000000093000000, 0x0000000093000000, 0x0000000093100000|  0%| F|  |TAMS 0x0000000093000000, 0x0000000093000000| Untracked 
|  39|0x0000000093100000, 0x0000000093100000, 0x0000000093200000|  0%| F|  |TAMS 0x0000000093100000, 0x0000000093100000| Untracked 
|  40|0x0000000093200000, 0x0000000093200000, 0x0000000093300000|  0%| F|  |TAMS 0x0000000093200000, 0x0000000093200000| Untracked 
|  41|0x0000000093300000, 0x0000000093300000, 0x0000000093400000|  0%| F|  |TAMS 0x0000000093300000, 0x0000000093300000| Untracked 
|  42|0x0000000093400000, 0x0000000093400000, 0x0000000093500000|  0%| F|  |TAMS 0x0000000093400000, 0x0000000093400000| Untracked 
|  43|0x0000000093500000, 0x0000000093500000, 0x0000000093600000|  0%| F|  |TAMS 0x0000000093500000, 0x0000000093500000| Untracked 
|  44|0x0000000093600000, 0x0000000093600000, 0x0000000093700000|  0%| F|  |TAMS 0x0000000093600000, 0x0000000093600000| Untracked 
|  45|0x0000000093700000, 0x0000000093700000, 0x0000000093800000|  0%| F|  |TAMS 0x0000000093700000, 0x0000000093700000| Untracked 
|  46|0x0000000093800000, 0x0000000093800000, 0x0000000093900000|  0%| F|  |TAMS 0x0000000093800000, 0x0000000093800000| Untracked 
|  47|0x0000000093900000, 0x0000000093900000, 0x0000000093a00000|  0%| F|  |TAMS 0x0000000093900000, 0x0000000093900000| Untracked 
|  48|0x0000000093a00000, 0x0000000093a00000, 0x0000000093b00000|  0%| F|  |TAMS 0x0000000093a00000, 0x0000000093a00000| Untracked 
|  49|0x0000000093b00000, 0x0000000093b00000, 0x0000000093c00000|  0%| F|  |TAMS 0x0000000093b00000, 0x0000000093b00000| Untracked 
|  50|0x0000000093c00000, 0x0000000093c00000, 0x0000000093d00000|  0%| F|  |TAMS 0x0000000093c00000, 0x0000000093c00000| Untracked 
|  51|0x0000000093d00000, 0x0000000093d00000, 0x0000000093e00000|  0%| F|  |TAMS 0x0000000093d00000, 0x0000000093d00000| Untracked 
|  52|0x0000000093e00000, 0x0000000093e00000, 0x0000000093f00000|  0%| F|  |TAMS 0x0000000093e00000, 0x0000000093e00000| Untracked 
|  53|0x0000000093f00000, 0x0000000093f00000, 0x0000000094000000|  0%| F|  |TAMS 0x0000000093f00000, 0x0000000093f00000| Untracked 
|  54|0x0000000094000000, 0x0000000094000000, 0x0000000094100000|  0%| F|  |TAMS 0x0000000094000000, 0x0000000094000000| Untracked 
|  55|0x0000000094100000, 0x0000000094100000, 0x0000000094200000|  0%| F|  |TAMS 0x0000000094100000, 0x0000000094100000| Untracked 
|  56|0x0000000094200000, 0x0000000094200000, 0x0000000094300000|  0%| F|  |TAMS 0x0000000094200000, 0x0000000094200000| Untracked 
|  57|0x0000000094300000, 0x0000000094300000, 0x0000000094400000|  0%| F|  |TAMS 0x0000000094300000, 0x0000000094300000| Untracked 
|  58|0x0000000094400000, 0x0000000094400000, 0x0000000094500000|  0%| F|  |TAMS 0x0000000094400000, 0x0000000094400000| Untracked 
|  59|0x0000000094500000, 0x0000000094500000, 0x0000000094600000|  0%| F|  |TAMS 0x0000000094500000, 0x0000000094500000| Untracked 
|  60|0x0000000094600000, 0x0000000094600000, 0x0000000094700000|  0%| F|  |TAMS 0x0000000094600000, 0x0000000094600000| Untracked 
|  61|0x0000000094700000, 0x0000000094700000, 0x0000000094800000|  0%| F|  |TAMS 0x0000000094700000, 0x0000000094700000| Untracked 
|  62|0x0000000094800000, 0x0000000094800000, 0x0000000094900000|  0%| F|  |TAMS 0x0000000094800000, 0x0000000094800000| Untracked 
|  63|0x0000000094900000, 0x0000000094900000, 0x0000000094a00000|  0%| F|  |TAMS 0x0000000094900000, 0x0000000094900000| Untracked 
|  64|0x0000000094a00000, 0x0000000094a00000, 0x0000000094b00000|  0%| F|  |TAMS 0x0000000094a00000, 0x0000000094a00000| Untracked 
|  65|0x0000000094b00000, 0x0000000094b00000, 0x0000000094c00000|  0%| F|  |TAMS 0x0000000094b00000, 0x0000000094b00000| Untracked 
|  66|0x0000000094c00000, 0x0000000094c00000, 0x0000000094d00000|  0%| F|  |TAMS 0x0000000094c00000, 0x0000000094c00000| Untracked 
|  67|0x0000000094d00000, 0x0000000094d00000, 0x0000000094e00000|  0%| F|  |TAMS 0x0000000094d00000, 0x0000000094d00000| Untracked 
|  68|0x0000000094e00000, 0x0000000094e00000, 0x0000000094f00000|  0%| F|  |TAMS 0x0000000094e00000, 0x0000000094e00000| Untracked 
|  69|0x0000000094f00000, 0x0000000094f00000, 0x0000000095000000|  0%| F|  |TAMS 0x0000000094f00000, 0x0000000094f00000| Untracked 
|  70|0x0000000095000000, 0x0000000095000000, 0x0000000095100000|  0%| F|  |TAMS 0x0000000095000000, 0x0000000095000000| Untracked 
|  71|0x0000000095100000, 0x0000000095100000, 0x0000000095200000|  0%| F|  |TAMS 0x0000000095100000, 0x0000000095100000| Untracked 
|  72|0x0000000095200000, 0x0000000095200000, 0x0000000095300000|  0%| F|  |TAMS 0x0000000095200000, 0x0000000095200000| Untracked 
|  73|0x0000000095300000, 0x0000000095300000, 0x0000000095400000|  0%| F|  |TAMS 0x0000000095300000, 0x0000000095300000| Untracked 
|  74|0x0000000095400000, 0x0000000095400000, 0x0000000095500000|  0%| F|  |TAMS 0x0000000095400000, 0x0000000095400000| Untracked 
|  75|0x0000000095500000, 0x0000000095500000, 0x0000000095600000|  0%| F|  |TAMS 0x0000000095500000, 0x0000000095500000| Untracked 
|  76|0x0000000095600000, 0x0000000095600000, 0x0000000095700000|  0%| F|  |TAMS 0x0000000095600000, 0x0000000095600000| Untracked 
|  77|0x0000000095700000, 0x0000000095700000, 0x0000000095800000|  0%| F|  |TAMS 0x0000000095700000, 0x0000000095700000| Untracked 
|  78|0x0000000095800000, 0x0000000095800000, 0x0000000095900000|  0%| F|  |TAMS 0x0000000095800000, 0x0000000095800000| Untracked 
|  79|0x0000000095900000, 0x0000000095900000, 0x0000000095a00000|  0%| F|  |TAMS 0x0000000095900000, 0x0000000095900000| Untracked 
|  80|0x0000000095a00000, 0x0000000095a00000, 0x0000000095b00000|  0%| F|  |TAMS 0x0000000095a00000, 0x0000000095a00000| Untracked 
|  81|0x0000000095b00000, 0x0000000095b00000, 0x0000000095c00000|  0%| F|  |TAMS 0x0000000095b00000, 0x0000000095b00000| Untracked 
|  82|0x0000000095c00000, 0x0000000095c00000, 0x0000000095d00000|  0%| F|  |TAMS 0x0000000095c00000, 0x0000000095c00000| Untracked 
|  83|0x0000000095d00000, 0x0000000095d00000, 0x0000000095e00000|  0%| F|  |TAMS 0x0000000095d00000, 0x0000000095d00000| Untracked 
|  84|0x0000000095e00000, 0x0000000095e00000, 0x0000000095f00000|  0%| F|  |TAMS 0x0000000095e00000, 0x0000000095e00000| Untracked 
|  85|0x0000000095f00000, 0x0000000095f00000, 0x0000000096000000|  0%| F|  |TAMS 0x0000000095f00000, 0x0000000095f00000| Untracked 
|  86|0x0000000096000000, 0x0000000096000000, 0x0000000096100000|  0%| F|  |TAMS 0x0000000096000000, 0x0000000096000000| Untracked 
|  87|0x0000000096100000, 0x0000000096100000, 0x0000000096200000|  0%| F|  |TAMS 0x0000000096100000, 0x0000000096100000| Untracked 
|  88|0x0000000096200000, 0x0000000096200000, 0x0000000096300000|  0%| F|  |TAMS 0x0000000096200000, 0x0000000096200000| Untracked 
|  89|0x0000000096300000, 0x0000000096300000, 0x0000000096400000|  0%| F|  |TAMS 0x0000000096300000, 0x0000000096300000| Untracked 
|  90|0x0000000096400000, 0x0000000096400000, 0x0000000096500000|  0%| F|  |TAMS 0x0000000096400000, 0x0000000096400000| Untracked 
|  91|0x0000000096500000, 0x0000000096500000, 0x0000000096600000|  0%| F|  |TAMS 0x0000000096500000, 0x0000000096500000| Untracked 
|  92|0x0000000096600000, 0x0000000096600000, 0x0000000096700000|  0%| F|  |TAMS 0x0000000096600000, 0x0000000096600000| Untracked 
|  93|0x0000000096700000, 0x0000000096700000, 0x0000000096800000|  0%| F|  |TAMS 0x0000000096700000, 0x0000000096700000| Untracked 
|  94|0x0000000096800000, 0x0000000096800000, 0x0000000096900000|  0%| F|  |TAMS 0x0000000096800000, 0x0000000096800000| Untracked 
|  95|0x0000000096900000, 0x0000000096900000, 0x0000000096a00000|  0%| F|  |TAMS 0x0000000096900000, 0x0000000096900000| Untracked 
|  96|0x0000000096a00000, 0x0000000096a00000, 0x0000000096b00000|  0%| F|  |TAMS 0x0000000096a00000, 0x0000000096a00000| Untracked 
|  97|0x0000000096b00000, 0x0000000096b00000, 0x0000000096c00000|  0%| F|  |TAMS 0x0000000096b00000, 0x0000000096b00000| Untracked 
|  98|0x0000000096c00000, 0x0000000096c00000, 0x0000000096d00000|  0%| F|  |TAMS 0x0000000096c00000, 0x0000000096c00000| Untracked 
|  99|0x0000000096d00000, 0x0000000096d00000, 0x0000000096e00000|  0%| F|  |TAMS 0x0000000096d00000, 0x0000000096d00000| Untracked 
| 100|0x0000000096e00000, 0x0000000096e00000, 0x0000000096f00000|  0%| F|  |TAMS 0x0000000096e00000, 0x0000000096e00000| Untracked 
| 101|0x0000000096f00000, 0x0000000096f00000, 0x0000000097000000|  0%| F|  |TAMS 0x0000000096f00000, 0x0000000096f00000| Untracked 
| 102|0x0000000097000000, 0x0000000097000000, 0x0000000097100000|  0%| F|  |TAMS 0x0000000097000000, 0x0000000097000000| Untracked 
| 103|0x0000000097100000, 0x0000000097100000, 0x0000000097200000|  0%| F|  |TAMS 0x0000000097100000, 0x0000000097100000| Untracked 
| 104|0x0000000097200000, 0x0000000097200000, 0x0000000097300000|  0%| F|  |TAMS 0x0000000097200000, 0x0000000097200000| Untracked 
| 105|0x0000000097300000, 0x0000000097400000, 0x0000000097400000|100%| S|CS|TAMS 0x0000000097300000, 0x0000000097300000| Complete 
| 106|0x0000000097400000, 0x0000000097400000, 0x0000000097500000|  0%| F|  |TAMS 0x0000000097400000, 0x0000000097400000| Untracked 
| 107|0x0000000097500000, 0x0000000097500000, 0x0000000097600000|  0%| F|  |TAMS 0x0000000097500000, 0x0000000097500000| Untracked 
| 108|0x0000000097600000, 0x0000000097600000, 0x0000000097700000|  0%| F|  |TAMS 0x0000000097600000, 0x0000000097600000| Untracked 
| 109|0x0000000097700000, 0x0000000097700000, 0x0000000097800000|  0%| F|  |TAMS 0x0000000097700000, 0x0000000097700000| Untracked 
| 110|0x0000000097800000, 0x0000000097800000, 0x0000000097900000|  0%| F|  |TAMS 0x0000000097800000, 0x0000000097800000| Untracked 
| 111|0x0000000097900000, 0x0000000097900000, 0x0000000097a00000|  0%| F|  |TAMS 0x0000000097900000, 0x0000000097900000| Untracked 

Card table byte_map: [0x0000022bcdb50000,0x0000022bcded0000] _byte_map_base: 0x0000022bcd6cb000

Marking Bits (Prev, Next): (CMBitMap*) 0x0000022bbb0967b8, (CMBitMap*) 0x0000022bbb0967f0
 Prev Bits: [0x0000022bce250000, 0x0000022bcfe28000)
 Next Bits: [0x0000022bcfe30000, 0x0000022bd1a08000)

Polling page: 0x0000022bb9060000

Metaspace:

Usage:
  Non-class:      7.46 MB capacity,     7.33 MB ( 98%) used,   125.37 KB (  2%) free+waste,     6.81 KB ( <1%) overhead. 
      Class:    779.00 KB capacity,   744.97 KB ( 96%) used,    31.16 KB (  4%) free+waste,     2.88 KB ( <1%) overhead. 
       Both:      8.22 MB capacity,     8.06 MB ( 98%) used,   156.52 KB (  2%) free+waste,     9.69 KB ( <1%) overhead. 

Virtual space:
  Non-class space:       20.00 MB reserved,       7.50 MB ( 38%) committed 
      Class space:        1.00 GB reserved,     896.00 KB ( <1%) committed 
             Both:        1.02 GB reserved,       8.38 MB ( <1%) committed 

Chunk freelists:
   Non-Class:  44.00 KB
       Class:  21.00 KB
        Both:  65.00 KB

MaxMetaspaceSize: 17179869184.00 GB
CompressedClassSpaceSize: 1.00 GB

CodeHeap 'non-profiled nmethods': size=120064Kb used=83Kb max_used=83Kb free=119980Kb
 bounds [0x0000022bc6610000, 0x0000022bc6880000, 0x0000022bcdb50000]
CodeHeap 'profiled nmethods': size=120000Kb used=634Kb max_used=634Kb free=119365Kb
 bounds [0x0000022bbf0e0000, 0x0000022bbf350000, 0x0000022bc6610000]
CodeHeap 'non-nmethods': size=5696Kb used=1069Kb max_used=1075Kb free=4627Kb
 bounds [0x0000022bbeb50000, 0x0000022bbedc0000, 0x0000022bbf0e0000]
 total_blobs=763 nmethods=395 adapters=281
 compilation: enabled
              stopped_count=0, restarted_count=0
 full_count=0

Compilation events (20 events):
Event: 1.549 Thread 0x0000022bd3e28800  381       3       java.nio.CharBuffer::arrayOffset (35 bytes)
Event: 1.549 Thread 0x0000022bd3e28800 nmethod 381 0x0000022bbf178d10 code [0x0000022bbf178ee0, 0x0000022bbf179158]
Event: 1.557 Thread 0x0000022bd3e28800  382       3       java.lang.invoke.MethodType::checkPtypes (61 bytes)
Event: 1.558 Thread 0x0000022bd3e28800 nmethod 382 0x0000022bbf179290 code [0x0000022bbf179520, 0x0000022bbf179ec8]
Event: 1.558 Thread 0x0000022bd3e28800  383       3       jdk.internal.org.objectweb.asm.MethodWriter::visitVarInsn (300 bytes)
Event: 1.559 Thread 0x0000022bd3e28800 nmethod 383 0x0000022bbf17a310 code [0x0000022bbf17a580, 0x0000022bbf17af68]
Event: 1.566 Thread 0x0000022bd3e28800  385       3       java.lang.invoke.LambdaForm::parameterType (9 bytes)
Event: 1.566 Thread 0x0000022bd3e28800 nmethod 385 0x0000022bbf17b290 code [0x0000022bbf17b440, 0x0000022bbf17b588]
Event: 1.567 Thread 0x0000022bd3e28800  386       3       java.lang.invoke.LambdaForm$Name::<init> (44 bytes)
Event: 1.568 Thread 0x0000022bd3e28800 nmethod 386 0x0000022bbf17b690 code [0x0000022bbf17b8c0, 0x0000022bbf17be68]
Event: 1.568 Thread 0x0000022bd3e28800  387       3       java.lang.invoke.LambdaForm$NamedFunction::returnType (11 bytes)
Event: 1.568 Thread 0x0000022bd3e28800 nmethod 387 0x0000022bbf17c190 code [0x0000022bbf17c3a0, 0x0000022bbf17c808]
Event: 1.572 Thread 0x0000022bd3e28800  392       3       java.lang.invoke.LambdaForm::internArgument (84 bytes)
Event: 1.573 Thread 0x0000022bd3e28800 nmethod 392 0x0000022bbf17ca10 code [0x0000022bbf17cc00, 0x0000022bbf17cfa8]
Event: 1.583 Thread 0x0000022bd3e28800  393       3       java.nio.Buffer::<init> (99 bytes)
Event: 1.584 Thread 0x0000022bd3e28800 nmethod 393 0x0000022bbf17d190 code [0x0000022bbf17d480, 0x0000022bbf17e1b8]
Event: 1.585 Thread 0x0000022bd3e28800  394       3       java.nio.ByteBuffer::limit (8 bytes)
Event: 1.585 Thread 0x0000022bd3e28800 nmethod 394 0x0000022bbf17e690 code [0x0000022bbf17e840, 0x0000022bbf17e988]
Event: 1.585 Thread 0x0000022bd3e28800  395       1       java.nio.DirectByteBuffer::address (5 bytes)
Event: 1.585 Thread 0x0000022bd3e28800 nmethod 395 0x0000022bc6624b90 code [0x0000022bc6624d40, 0x0000022bc6624df8]

GC Heap History (2 events):
Event: 1.608 GC heap before
{Heap before GC invocations=0 (full 0):
 garbage-first heap   total 114688K, used 4096K [0x0000000090a00000, 0x0000000100000000)
  region size 1024K, 6 young (6144K), 0 survivors (0K)
 Metaspace       used 8248K, capacity 8415K, committed 8576K, reserved 1067008K
  class space    used 744K, capacity 779K, committed 896K, reserved 1048576K
}
Event: 1.620 GC heap after
{Heap after GC invocations=1 (full 0):
 garbage-first heap   total 114688K, used 1574K [0x0000000090a00000, 0x0000000100000000)
  region size 1024K, 1 young (1024K), 1 survivors (1024K)
 Metaspace       used 8248K, capacity 8415K, committed 8576K, reserved 1067008K
  class space    used 744K, capacity 779K, committed 896K, reserved 1048576K
}

Deoptimization events (8 events):
Event: 0.494 Thread 0x0000022bbb059800 Uncommon trap: trap_request=0xffffff4d fr.pc=0x0000022bc6613690 relative=0x0000000000000170
Event: 0.494 Thread 0x0000022bbb059800 Uncommon trap: reason=unstable_if action=reinterpret pc=0x0000022bc6613690 method=java.lang.String.hashCode()I @ 14 c2
Event: 0.495 Thread 0x0000022bbb059800 DEOPT PACKING pc=0x0000022bc6613690 sp=0x0000005be90fd4f0
Event: 0.495 Thread 0x0000022bbb059800 DEOPT UNPACKING pc=0x0000022bbeb7662f sp=0x0000005be90fd488 mode 2
Event: 1.537 Thread 0x0000022bbb059800 Uncommon trap: trap_request=0xffffff4d fr.pc=0x0000022bc6616c10 relative=0x0000000000000070
Event: 1.537 Thread 0x0000022bbb059800 Uncommon trap: reason=unstable_if action=reinterpret pc=0x0000022bc6616c10 method=java.lang.String.isLatin1()Z @ 10 c2
Event: 1.537 Thread 0x0000022bbb059800 DEOPT PACKING pc=0x0000022bc6616c10 sp=0x0000005be90fe020
Event: 1.537 Thread 0x0000022bbb059800 DEOPT UNPACKING pc=0x0000022bbeb7662f sp=0x0000005be90fdf60 mode 2

Classes redefined (0 events):
No events

Internal exceptions (0 events):
No events

Events (20 events):
Event: 1.603 loading class java/net/SocketOption done
Event: 1.603 loading class java/net/StandardSocketOptions$StdSocketOption done
Event: 1.603 loading class java/net/NetworkInterface
Event: 1.604 loading class java/net/NetworkInterface done
Event: 1.604 loading class java/net/AbstractPlainSocketImpl$1
Event: 1.604 loading class java/net/AbstractPlainSocketImpl$1 done
Event: 1.605 loading class java/net/InetSocketAddress
Event: 1.605 loading class java/net/SocketAddress
Event: 1.605 loading class java/net/SocketAddress done
Event: 1.605 loading class java/net/InetSocketAddress done
Event: 1.605 loading class java/net/InetAddress
Event: 1.606 loading class java/net/InetAddress done
Event: 1.606 loading class java/net/InetAddress$1
Event: 1.606 loading class java/net/InetAddress$1 done
Event: 1.607 loading class java/net/InetAddress$2
Event: 1.607 loading class jdk/internal/misc/JavaNetInetAddressAccess
Event: 1.607 loading class jdk/internal/misc/JavaNetInetAddressAccess done
Event: 1.607 loading class java/net/InetAddress$2 done
Event: 1.607 loading class java/net/InetAddress$InetAddressHolder
Event: 1.608 Executing VM operation: CollectForMetadataAllocation


Dynamic libraries:
0x00007ff651930000 - 0x00007ff65193a000 	E:\AndroidStudio\jre\bin\java.exe
0x00007ffaf0980000 - 0x00007ffaf0b70000 	C:\Windows\SYSTEM32\ntdll.dll
0x00007ffaefdb0000 - 0x00007ffaefe62000 	C:\Windows\System32\KERNEL32.DLL
0x00007ffaee190000 - 0x00007ffaee433000 	C:\Windows\System32\KERNELBASE.dll
0x00007ffaee090000 - 0x00007ffaee18a000 	C:\Windows\System32\ucrtbase.dll
0x00007ffae1dc0000 - 0x00007ffae1dd9000 	E:\AndroidStudio\jre\bin\jli.dll
0x00007ffaefe70000 - 0x00007ffaf0003000 	C:\Windows\System32\USER32.dll
0x00007ffaee860000 - 0x00007ffaee881000 	C:\Windows\System32\win32u.dll
0x00007ffaefb90000 - 0x00007ffaefbb6000 	C:\Windows\System32\GDI32.dll
0x00007ffaee6a0000 - 0x00007ffaee834000 	C:\Windows\System32\gdi32full.dll
0x00007ffaee580000 - 0x00007ffaee61e000 	C:\Windows\System32\msvcp_win.dll
0x00007ffadb5c0000 - 0x00007ffadb5d7000 	E:\AndroidStudio\jre\bin\VCRUNTIME140.dll
0x00007ffae03c0000 - 0x00007ffae0645000 	C:\Windows\WinSxS\amd64_microsoft.windows.common-controls_6595b64144ccf1df_6.0.18362.356_none_e6c4af7d130f27cc\COMCTL32.dll
0x00007ffaf08a0000 - 0x00007ffaf093e000 	C:\Windows\System32\msvcrt.dll
0x00007ffaf0420000 - 0x00007ffaf0756000 	C:\Windows\System32\combase.dll
0x00007ffaeeb50000 - 0x00007ffaeec70000 	C:\Windows\System32\RPCRT4.dll
0x00007ffaee620000 - 0x00007ffaee6a0000 	C:\Windows\System32\bcryptPrimitives.dll
0x00007ffaefbc0000 - 0x00007ffaefbee000 	C:\Windows\System32\IMM32.DLL
0x00007ffaccba0000 - 0x00007ffaccc3d000 	E:\AndroidStudio\jre\bin\msvcp140.dll
0x00007ffa97860000 - 0x00007ffa98335000 	E:\AndroidStudio\jre\bin\server\jvm.dll
0x00007ffaefc90000 - 0x00007ffaefd33000 	C:\Windows\System32\ADVAPI32.dll
0x00007ffaefbf0000 - 0x00007ffaefc87000 	C:\Windows\System32\sechost.dll
0x00007ffaf0760000 - 0x00007ffaf0768000 	C:\Windows\System32\PSAPI.DLL
0x00007ffa9d560000 - 0x00007ffa9d569000 	C:\Windows\SYSTEM32\WSOCK32.dll
0x00007ffaf02d0000 - 0x00007ffaf033f000 	C:\Windows\System32\WS2_32.dll
0x00007ffaeb8b0000 - 0x00007ffaeb8d4000 	C:\Windows\SYSTEM32\WINMM.dll
0x00007ffae7960000 - 0x00007ffae796a000 	C:\Windows\SYSTEM32\VERSION.dll
0x00007ffaeb880000 - 0x00007ffaeb8ad000 	C:\Windows\SYSTEM32\WINMMBASE.dll
0x00007ffaee9e0000 - 0x00007ffaeea2a000 	C:\Windows\System32\cfgmgr32.dll
0x00007ffaed880000 - 0x00007ffaed891000 	C:\Windows\System32\kernel.appcore.dll
0x00007ffa9d540000 - 0x00007ffa9d551000 	E:\AndroidStudio\jre\bin\verify.dll
0x00007ffad7700000 - 0x00007ffad78f4000 	C:\Windows\SYSTEM32\DBGHELP.DLL
0x00007ffad76d0000 - 0x00007ffad76fa000 	C:\Windows\SYSTEM32\dbgcore.DLL
0x00007ffa9d510000 - 0x00007ffa9d539000 	E:\AndroidStudio\jre\bin\java.dll
0x00007ffa9d500000 - 0x00007ffa9d50b000 	E:\AndroidStudio\jre\bin\jimage.dll
0x00007ffa9d4e0000 - 0x00007ffa9d4f8000 	E:\AndroidStudio\jre\bin\zip.dll
0x00007ffaef4a0000 - 0x00007ffaefb85000 	C:\Windows\System32\SHELL32.dll
0x00007ffaeed50000 - 0x00007ffaeedf9000 	C:\Windows\System32\shcore.dll
0x00007ffaed910000 - 0x00007ffaee08e000 	C:\Windows\System32\windows.storage.dll
0x00007ffaed860000 - 0x00007ffaed87f000 	C:\Windows\System32\profapi.dll
0x00007ffaed8c0000 - 0x00007ffaed90a000 	C:\Windows\System32\powrprof.dll
0x00007ffaed850000 - 0x00007ffaed860000 	C:\Windows\System32\UMPDC.dll
0x00007ffaeea40000 - 0x00007ffaeea92000 	C:\Windows\System32\shlwapi.dll
0x00007ffaee840000 - 0x00007ffaee857000 	C:\Windows\System32\cryptsp.dll
0x00007ffa9d4c0000 - 0x00007ffa9d4da000 	E:\AndroidStudio\jre\bin\net.dll
0x00007ffade2d0000 - 0x00007ffade3c0000 	C:\Windows\SYSTEM32\WINHTTP.dll
0x00007ffaed010000 - 0x00007ffaed077000 	C:\Windows\system32\mswsock.dll
0x00007ffa9d4a0000 - 0x00007ffa9d4b4000 	E:\AndroidStudio\jre\bin\nio.dll

dbghelp: loaded successfully - version: 4.0.5 - missing functions: none
symbol engine: initialized successfully - sym options: 0x614 - pdb path: .;E:\AndroidStudio\jre\bin;C:\Windows\SYSTEM32;C:\Windows\WinSxS\amd64_microsoft.windows.common-controls_6595b64144ccf1df_6.0.18362.356_none_e6c4af7d130f27cc;E:\AndroidStudio\jre\bin\server

VM Arguments:
java_command: org.jetbrains.git4idea.http.GitAskPassApp Username for 'https://github.com': 
java_class_path (initial): E:/AndroidStudio/plugins/git4idea/lib/git4idea-rt.jar;E:/AndroidStudio/lib/xmlrpc-2.0.1.jar;E:/AndroidStudio/lib/commons-codec-1.15.jar
Launcher Type: SUN_STANDARD

[Global flags]
     intx CICompilerCount                          = 2                                         {product} {ergonomic}
     uint ConcGCThreads                            = 1                                         {product} {ergonomic}
     uint G1ConcRefinementThreads                  = 2                                         {product} {ergonomic}
   size_t G1HeapRegionSize                         = 1048576                                   {product} {ergonomic}
    uintx GCDrainStackTargetSize                   = 64                                        {product} {ergonomic}
   size_t InitialHeapSize                          = 117440512                                 {product} {ergonomic}
   size_t MarkStackSize                            = 4194304                                   {product} {ergonomic}
   size_t MaxHeapSize                              = 1868562432                                {product} {ergonomic}
   size_t MaxNewSize                               = 1120927744                                {product} {ergonomic}
   size_t MinHeapDeltaBytes                        = 1048576                                   {product} {ergonomic}
    uintx NonNMethodCodeHeapSize                   = 5825164                                {pd product} {ergonomic}
    uintx NonProfiledCodeHeapSize                  = 122916538                              {pd product} {ergonomic}
    uintx ProfiledCodeHeapSize                     = 122916538                              {pd product} {ergonomic}
    uintx ReservedCodeCacheSize                    = 251658240                              {pd product} {ergonomic}
     bool SegmentedCodeCache                       = true                                      {product} {ergonomic}
     bool UseCompressedClassPointers               = true                                 {lp64_product} {ergonomic}
     bool UseCompressedOops                        = true                                 {lp64_product} {ergonomic}
     bool UseG1GC                                  = true                                      {product} {ergonomic}
     bool UseLargePagesIndividualAllocation        = false                                  {pd product} {ergonomic}

Logging:
Log output configuration:
 #0: stdout all=warning uptime,level,tags
 #1: stderr all=off uptime,level,tags

Environment Variables:
JAVA_HOME=C:\Program Files\Java\jdk-13.0.1
PATH=E:/Git/mingw64/libexec/git-core;E:/Git/mingw64/libexec/git-core;E:\Git\mingw64\bin;E:\Git\usr\bin;C:\Users\Shtuka\bin;C:\Windows\system32;C:\Windows;C:\Windows\System32\Wbem;C:\Windows\System32\WindowsPowerShell\v1.0\;C:\Windows\System32\OpenSSH\;E:\Git\cmd;C:\Users\Shtuka\AppData\Local\Microsoft\WindowsApps;E:\IntelliJ IDEA Community Edition 2019.2.3\bin;C:\Program Files\Java\jdk-13.0.1\bin;C:\Users\Shtuka\AppData\Local\GitHubDesktop\bin
USERNAME=Shtuka
DISPLAY=:0.0
LC_ALL=en_US.UTF-8
OS=Windows_NT
PROCESSOR_IDENTIFIER=AMD64 Family 21 Model 112 Stepping 0, AuthenticAMD



---------------  S Y S T E M  ---------------

OS: Windows 10 , 64 bit Build 18362 (10.0.18362.329)
OS uptime: 0 days 2:13 hours
Hyper-V role detected

CPU:total 2 (initial active 2) (2 cores per cpu, 1 threads per core) family 21 model 112 stepping 0 microcode 0x0, cmov, cx8, fxsr, mmx, sse, sse2, sse3, ssse3, sse4.1, sse4.2, popcnt, avx, avx2, aes, clmul, mmxext, 3dnowpref, lzcnt, sse4a, tsc, tscinvbit, tscinv, bmi1, bmi2, fma

Memory: 4k page, system-wide physical 7126M (965M free)
TotalPageFile size 9174M (AvailPageFile size 5M)
current process WorkingSet (physical memory assigned to process): 47M, peak: 47M
current process commit charge ("private bytes"): 180M, peak: 181M

vm_info: OpenJDK 64-Bit Server VM (11.0.11+9-b60-7590822) for windows-amd64 JRE (11.0.11+9-b60-7590822), built on Jul 29 2021 21:43:44 by "builder" with MS VC++ 14.0 (VS2015)

END.
