#
# There is insufficient memory for the Java Runtime Environment to continue.
# Native memory allocation (mmap) failed to map 117440512 bytes for Failed to commit area from 0x0000000090a00000 to 0x0000000097a00000 of length 117440512.
# Possible reasons:
#   The system is out of physical RAM or swap space
#   The process is running with CompressedOops enabled, and the Java Heap may be blocking the growth of the native heap
# Possible solutions:
#   Reduce memory load on the system
#   Increase physical memory or swap space
#   Check if swap backing store is full
#   Decrease Java heap size (-Xmx/-Xms)
#   Decrease number of Java threads
#   Decrease Java thread stack sizes (-Xss)
#   Set larger code cache with -XX:ReservedCodeCacheSize=
# This output file may be truncated or incomplete.
#
#  Out of Memory Error (./src/hotspot/os/windows/os_windows.cpp:3301), pid=4464, tid=7712
#
# JRE version:  (11.0.11+9) (build )
# Java VM: OpenJDK 64-Bit Server VM (11.0.11+9-b60-7590822, mixed mode, sharing, tiered, compressed oops, g1 gc, windows-amd64)
# No core dump will be written. Minidumps are not enabled by default on client versions of Windows
#

---------------  S U M M A R Y ------------

Command Line: org.jetbrains.git4idea.http.GitAskPassApp Username for 'https://github.com': 

Host: AMD A6-9225 RADEON R4, 5 COMPUTE CORES 2C+3G   , 2 cores, 6G,  Windows 10 , 64 bit Build 18362 (10.0.18362.329)
Time: Wed May 18 15:39:39 2022 Oeieyiaey (eaoi) elapsed time: 0.021974 seconds (0d 0h 0m 0s)

---------------  T H R E A D  ---------------

Current thread (0x000001a9dde6a800):  JavaThread "Unknown thread" [_thread_in_vm, id=7712, stack(0x0000008494300000,0x0000008494400000)]

Stack: [0x0000008494300000,0x0000008494400000]
Native frames: (J=compiled Java code, j=interpreted, Vv=VM code, C=native code)
V  [jvm.dll+0x5f214a]
V  [jvm.dll+0x726fb5]
V  [jvm.dll+0x7285cd]
V  [jvm.dll+0x728c83]
V  [jvm.dll+0x243278]
V  [jvm.dll+0x5ef544]
V  [jvm.dll+0x5e4495]
V  [jvm.dll+0x2fec5b]
V  [jvm.dll+0x2febca]
V  [jvm.dll+0x2feaa2]
V  [jvm.dll+0x303986]
V  [jvm.dll+0x34c3a3]
V  [jvm.dll+0x34caa6]
V  [jvm.dll+0x34c4a3]
V  [jvm.dll+0x2d9688]
V  [jvm.dll+0x2da837]
V  [jvm.dll+0x705ba7]
V  [jvm.dll+0x70739c]
V  [jvm.dll+0x3598f9]
V  [jvm.dll+0x6e931e]
V  [jvm.dll+0x3c1c43]
V  [jvm.dll+0x3c3e81]
C  [jli.dll+0x5373]
C  [ucrtbase.dll+0x1d9f2]
C  [KERNEL32.DLL+0x17bd4]
C  [ntdll.dll+0x6cee1]


---------------  P R O C E S S  ---------------

Threads class SMR info:
_java_thread_list=0x000001a9dbdc46f0, length=0, elements={
}

Java Threads: ( => current thread )

Other Threads:
  0x000001a9dde82000 GCTaskThread "GC Thread#0" [stack: 0x0000008494400000,0x0000008494500000] [id=2564]
  0x000001a9ddead800 ConcurrentGCThread "G1 Main Marker" [stack: 0x0000008494500000,0x0000008494600000] [id=10188]
  0x000001a9ddeaf000 ConcurrentGCThread "G1 Conc#0" [stack: 0x0000008494600000,0x0000008494700000] [id=9592]

[error occurred during error reporting (printing all threads), id 0xc0000005, EXCEPTION_ACCESS_VIOLATION (0xc0000005) at pc=0x00007ffbeaad9c47]

VM state:not at safepoint (not fully initialized)

VM Mutex/Monitor currently owned by a thread:  ([mutex/lock_event])
[0x000001a9dde66ba0] Heap_lock - owner thread: 0x000001a9dde6a800

Heap address: 0x0000000090a00000, size: 1782 MB, Compressed Oops mode: Non-zero based: 0x0000000090a00000
Narrow klass base: 0x0000000000000000, Narrow klass shift: 0

GC Heap History (0 events):
No events

Deoptimization events (0 events):
No events

Classes redefined (0 events):
No events

Internal exceptions (0 events):
No events

Events (1 events):
Event: 0.012 Loaded shared library E:\AndroidStudio\jre\bin\zip.dll


Dynamic libraries:
0x00007ff6ccb50000 - 0x00007ff6ccb5a000 	E:\AndroidStudio\jre\bin\java.exe
0x00007ffc44020000 - 0x00007ffc44210000 	C:\Windows\SYSTEM32\ntdll.dll
0x00007ffc43710000 - 0x00007ffc437c2000 	C:\Windows\System32\KERNEL32.DLL
0x00007ffc410f0000 - 0x00007ffc41393000 	C:\Windows\System32\KERNELBASE.dll
0x00007ffc41ba0000 - 0x00007ffc41c9a000 	C:\Windows\System32\ucrtbase.dll
0x00007ffc1f830000 - 0x00007ffc1f847000 	E:\AndroidStudio\jre\bin\VCRUNTIME140.dll
0x00007ffc1f8e0000 - 0x00007ffc1f8f9000 	E:\AndroidStudio\jre\bin\jli.dll
0x00007ffc43e40000 - 0x00007ffc43fd3000 	C:\Windows\System32\USER32.dll
0x00007ffc41ca0000 - 0x00007ffc41cc1000 	C:\Windows\System32\win32u.dll
0x00007ffc33900000 - 0x00007ffc33b85000 	C:\Windows\WinSxS\amd64_microsoft.windows.common-controls_6595b64144ccf1df_6.0.18362.356_none_e6c4af7d130f27cc\COMCTL32.dll
0x00007ffc438a0000 - 0x00007ffc4393e000 	C:\Windows\System32\msvcrt.dll
0x00007ffc43d40000 - 0x00007ffc43d66000 	C:\Windows\System32\GDI32.dll
0x00007ffc43940000 - 0x00007ffc43c76000 	C:\Windows\System32\combase.dll
0x00007ffc41e20000 - 0x00007ffc41fb4000 	C:\Windows\System32\gdi32full.dll
0x00007ffc43590000 - 0x00007ffc436b0000 	C:\Windows\System32\RPCRT4.dll
0x00007ffc40fd0000 - 0x00007ffc41050000 	C:\Windows\System32\bcryptPrimitives.dll
0x00007ffc41050000 - 0x00007ffc410ee000 	C:\Windows\System32\msvcp_win.dll
0x00007ffc433b0000 - 0x00007ffc433de000 	C:\Windows\System32\IMM32.DLL
0x00007ffc1e6a0000 - 0x00007ffc1e73d000 	E:\AndroidStudio\jre\bin\msvcp140.dll
0x00007ffbea7f0000 - 0x00007ffbeb2c5000 	E:\AndroidStudio\jre\bin\server\jvm.dll
0x00007ffc437d0000 - 0x00007ffc43873000 	C:\Windows\System32\ADVAPI32.dll
0x00007ffc42210000 - 0x00007ffc422a7000 	C:\Windows\System32\sechost.dll
0x00007ffc43c80000 - 0x00007ffc43c88000 	C:\Windows\System32\PSAPI.DLL
0x00007ffc32d50000 - 0x00007ffc32d59000 	C:\Windows\SYSTEM32\WSOCK32.dll
0x00007ffc3ef50000 - 0x00007ffc3ef74000 	C:\Windows\SYSTEM32\WINMM.dll
0x00007ffc42420000 - 0x00007ffc4248f000 	C:\Windows\System32\WS2_32.dll
0x00007ffc3af70000 - 0x00007ffc3af7a000 	C:\Windows\SYSTEM32\VERSION.dll
0x00007ffc3ef20000 - 0x00007ffc3ef4d000 	C:\Windows\SYSTEM32\WINMMBASE.dll
0x00007ffc41b20000 - 0x00007ffc41b6a000 	C:\Windows\System32\cfgmgr32.dll
0x00007ffc40f50000 - 0x00007ffc40f61000 	C:\Windows\System32\kernel.appcore.dll
0x00007ffc32a10000 - 0x00007ffc32a21000 	E:\AndroidStudio\jre\bin\verify.dll
0x00007ffc2a0f0000 - 0x00007ffc2a2e4000 	C:\Windows\SYSTEM32\DBGHELP.DLL
0x00007ffc2a0c0000 - 0x00007ffc2a0ea000 	C:\Windows\SYSTEM32\dbgcore.DLL
0x00007ffc31250000 - 0x00007ffc31279000 	E:\AndroidStudio\jre\bin\java.dll
0x00007ffc32a00000 - 0x00007ffc32a0b000 	E:\AndroidStudio\jre\bin\jimage.dll
0x00007ffc31340000 - 0x00007ffc31358000 	E:\AndroidStudio\jre\bin\zip.dll

dbghelp: loaded successfully - version: 4.0.5 - missing functions: none
symbol engine: initialized successfully - sym options: 0x614 - pdb path: .;E:\AndroidStudio\jre\bin;C:\Windows\SYSTEM32;C:\Windows\WinSxS\amd64_microsoft.windows.common-controls_6595b64144ccf1df_6.0.18362.356_none_e6c4af7d130f27cc;E:\AndroidStudio\jre\bin\server

VM Arguments:
java_command: org.jetbrains.git4idea.http.GitAskPassApp Username for 'https://github.com': 
java_class_path (initial): E:/AndroidStudio/plugins/git4idea/lib/git4idea-rt.jar;E:/AndroidStudio/lib/xmlrpc-2.0.1.jar;E:/AndroidStudio/lib/commons-codec-1.15.jar
Launcher Type: SUN_STANDARD

[Global flags]
     intx CICompilerCount                          = 2                                         {product} {ergonomic}
     uint ConcGCThreads                            = 1                                         {product} {ergonomic}
     uint G1ConcRefinementThreads                  = 2                                         {product} {ergonomic}
   size_t G1HeapRegionSize                         = 1048576                                   {product} {ergonomic}
    uintx GCDrainStackTargetSize                   = 64                                        {product} {ergonomic}
   size_t InitialHeapSize                          = 117440512                                 {product} {ergonomic}
   size_t MarkStackSize                            = 4194304                                   {product} {ergonomic}
   size_t MaxHeapSize                              = 1868562432                                {product} {ergonomic}
   size_t MinHeapDeltaBytes                        = 1048576                                   {product} {ergonomic}
    uintx NonNMethodCodeHeapSize                   = 5825164                                {pd product} {ergonomic}
    uintx NonProfiledCodeHeapSize                  = 122916538                              {pd product} {ergonomic}
    uintx ProfiledCodeHeapSize                     = 122916538                              {pd product} {ergonomic}
    uintx ReservedCodeCacheSize                    = 251658240                              {pd product} {ergonomic}
     bool SegmentedCodeCache                       = true                                      {product} {ergonomic}
     bool UseCompressedClassPointers               = true                                 {lp64_product} {ergonomic}
     bool UseCompressedOops                        = true                                 {lp64_product} {ergonomic}
     bool UseG1GC                                  = true                                      {product} {ergonomic}
     bool UseLargePagesIndividualAllocation        = false                                  {pd product} {ergonomic}

Logging:
Log output configuration:
 #0: stdout all=warning uptime,level,tags
 #1: stderr all=off uptime,level,tags

Environment Variables:
JAVA_HOME=C:\Program Files\Java\jdk-13.0.1
PATH=E:/Git/mingw64/libexec/git-core;E:/Git/mingw64/libexec/git-core;E:\Git\mingw64\bin;E:\Git\usr\bin;C:\Users\Shtuka\bin;C:\Windows\system32;C:\Windows;C:\Windows\System32\Wbem;C:\Windows\System32\WindowsPowerShell\v1.0\;C:\Windows\System32\OpenSSH\;E:\Git\cmd;C:\Users\Shtuka\AppData\Local\Microsoft\WindowsApps;E:\IntelliJ IDEA Community Edition 2019.2.3\bin;C:\Program Files\Java\jdk-13.0.1\bin;C:\Users\Shtuka\AppData\Local\GitHubDesktop\bin
USERNAME=Shtuka
DISPLAY=:0.0
LC_ALL=en_US.UTF-8
OS=Windows_NT
PROCESSOR_IDENTIFIER=AMD64 Family 21 Model 112 Stepping 0, AuthenticAMD



---------------  S Y S T E M  ---------------

OS: Windows 10 , 64 bit Build 18362 (10.0.18362.329)
OS uptime: 0 days 6:41 hours
Hyper-V role detected

CPU:total 2 (initial active 2) (2 cores per cpu, 1 threads per core) family 21 model 112 stepping 0 microcode 0x0, cmov, cx8, fxsr, mmx, sse, sse2, sse3, ssse3, sse4.1, sse4.2, popcnt, avx, avx2, aes, clmul, mmxext, 3dnowpref, lzcnt, sse4a, tsc, tscinvbit, tscinv, bmi1, bmi2, fma

Memory: 4k page, system-wide physical 7126M (1023M free)
TotalPageFile size 9174M (AvailPageFile size 89M)
current process WorkingSet (physical memory assigned to process): 9M, peak: 9M
current process commit charge ("private bytes"): 47M, peak: 159M

vm_info: OpenJDK 64-Bit Server VM (11.0.11+9-b60-7590822) for windows-amd64 JRE (11.0.11+9-b60-7590822), built on Jul 29 2021 21:43:44 by "builder" with MS VC++ 14.0 (VS2015)

END.
